{"C:\\Users\\jathu\\Efrei\\Metro\\api\\src\\lib\\time2.js": {"path":"C:\\Users\\jathu\\Efrei\\Metro\\api\\src\\lib\\time2.js","statementMap":{"0":{"start":{"line":12,"column":2},"end":{"line":14,"column":3}},"1":{"start":{"line":13,"column":4},"end":{"line":13,"column":62}},"2":{"start":{"line":23,"column":2},"end":{"line":23,"column":24}},"3":{"start":{"line":24,"column":12},"end":{"line":24,"column":52}},"4":{"start":{"line":25,"column":12},"end":{"line":25,"column":54}},"5":{"start":{"line":26,"column":2},"end":{"line":26,"column":21}},"6":{"start":{"line":36,"column":2},"end":{"line":36,"column":28}},"7":{"start":{"line":37,"column":2},"end":{"line":39,"column":3}},"8":{"start":{"line":38,"column":4},"end":{"line":38,"column":63}},"9":{"start":{"line":40,"column":2},"end":{"line":42,"column":3}},"10":{"start":{"line":41,"column":4},"end":{"line":41,"column":63}},"11":{"start":{"line":43,"column":15},"end":{"line":43,"column":43}},"12":{"start":{"line":44,"column":2},"end":{"line":44,"column":50}},"13":{"start":{"line":45,"column":2},"end":{"line":45,"column":26}},"14":{"start":{"line":48,"column":0},"end":{"line":48,"column":49}}},"fnMap":{"0":{"name":"assertValidDate","decl":{"start":{"line":6,"column":9},"end":{"line":6,"column":24}},"loc":{"start":{"line":6,"column":28},"end":{"line":15,"column":1}},"line":6},"1":{"name":"formatHHMM","decl":{"start":{"line":22,"column":9},"end":{"line":22,"column":19}},"loc":{"start":{"line":22,"column":26},"end":{"line":27,"column":1}},"line":22},"2":{"name":"computeNextHHMM","decl":{"start":{"line":35,"column":9},"end":{"line":35,"column":24}},"loc":{"start":{"line":35,"column":51},"end":{"line":46,"column":1}},"line":35}},"branchMap":{"0":{"loc":{"start":{"line":12,"column":2},"end":{"line":14,"column":3}},"type":"if","locations":[{"start":{"line":12,"column":2},"end":{"line":14,"column":3}},{"start":{},"end":{}}],"line":12},"1":{"loc":{"start":{"line":35,"column":35},"end":{"line":35,"column":49}},"type":"default-arg","locations":[{"start":{"line":35,"column":48},"end":{"line":35,"column":49}}],"line":35},"2":{"loc":{"start":{"line":37,"column":2},"end":{"line":39,"column":3}},"type":"if","locations":[{"start":{"line":37,"column":2},"end":{"line":39,"column":3}},{"start":{},"end":{}}],"line":37},"3":{"loc":{"start":{"line":40,"column":2},"end":{"line":42,"column":3}},"type":"if","locations":[{"start":{"line":40,"column":2},"end":{"line":42,"column":3}},{"start":{},"end":{}}],"line":40}},"s":{"0":31,"1":3,"2":16,"3":13,"4":13,"5":13,"6":17,"7":15,"8":2,"9":13,"10":1,"11":12,"12":12,"13":12,"14":1},"f":{"0":33,"1":16,"2":17},"b":{"0":[3,28],"1":[1],"2":[2,13],"3":[1,12]},"_coverageSchema":"1a1c01bbd47fc00a2c39e90264f33305004495a9","hash":"d6e8eb84317cd3134f8e8bd8a88549ba1d2365fc"}
}
